<?xml version="1.0" encoding="UTF-8"?>
<!-- Generated by org.testng.reporters.JUnitXMLReporter -->
<testsuite ignored="0" hostname="Naims-MacBook-Air.local" failures="0" tests="6" name="Command line test" time="42.415" errors="0" timestamp="2022-05-22T16:01:40 CDT">
  <testcase classname="scripts._03_EtsyTest" name="testEtsyLogo" time="2.325"/>
  <testcase classname="scripts._03_EtsyTest" name="testEtsySearch" time="1.91"/>
  <testcase classname="scripts._03_EtsyTest" name="testEtsySearchResult" time="4.119"/>
  <testcase classname="scripts._02_TechGlobalTest" name="testApplicationFormHeading" time="0.696"/>
  <testcase classname="scripts._01_AppleTest" name="testAppleTitle" time="0.804"/>
  <testcase classname="scripts._01_AppleTest" name="testAppleURL" time="1.344"/>
</testsuite> <!-- Command line test -->
