<?xml version="1.0" encoding="UTF-8"?>
<!-- Generated by org.testng.reporters.JUnitXMLReporter -->
<testsuite ignored="3" hostname="Naims-MacBook-Air.local" failures="0" tests="6" name="Critical Functionalities" time="18.684" errors="0" timestamp="2022-05-29T15:45:53 CDT">
  <testcase classname="scripts._01_AppleTest" name="testAppleTitle" time="0.924"/>
  <testcase classname="scripts._02_TechGlobalTest" name="testApplicationFormHeading" time="0.558"/>
  <testcase classname="scripts._04_GoogleTest" name="testGoogleSearchResults" time="2.663"/>
  <testcase classname="scripts._03_EtsyTest" name="testEtsyLogo" time="1.531"/>
  <testcase classname="scripts._03_EtsyTest" name="testEtsySearch" time="1.591"/>
  <testcase classname="scripts._03_EtsyTest" name="testEtsySearchResult" time="2.998"/>
  <testcase classname="scripts._01_AppleTest" name="testAppleURL" time="0.0">
    <ignored/>
  </testcase> <!-- testAppleURL -->
  <testcase classname="scripts._04_GoogleTest" name="testGoogleStoreLink" time="0.0">
    <ignored/>
  </testcase> <!-- testGoogleStoreLink -->
  <testcase classname="scripts._03_EtsyTest" name="testMainHeader" time="0.0">
    <ignored/>
  </testcase> <!-- testMainHeader -->
</testsuite> <!-- Critical Functionalities -->
