<?xml version="1.0" encoding="UTF-8"?>
<!-- Generated by org.testng.reporters.JUnitXMLReporter -->
<testsuite ignored="3" hostname="Naims-MacBook-Air.local" failures="0" tests="6" name="Critical Functionalities" time="19.222" errors="0" timestamp="2022-06-11T14:50:29 CDT">
  <testcase classname="scripts._01_AppleTest" name="testAppleTitle" time="1.063"/>
  <testcase classname="scripts._02_TechGlobalTest" name="testApplicationFormHeading" time="0.678"/>
  <testcase classname="scripts._04_GoogleTest" name="testGoogleSearchResults" time="2.427"/>
  <testcase classname="scripts._03_EtsyTest" name="testEtsyLogo" time="1.983"/>
  <testcase classname="scripts._03_EtsyTest" name="testEtsySearch" time="2.026"/>
  <testcase classname="scripts._03_EtsyTest" name="testEtsySearchResult" time="3.187"/>
  <testcase classname="scripts._01_AppleTest" name="testAppleURL" time="0.0">
    <ignored/>
  </testcase> <!-- testAppleURL -->
  <testcase classname="scripts._04_GoogleTest" name="testGoogleStoreLink" time="0.0">
    <ignored/>
  </testcase> <!-- testGoogleStoreLink -->
  <testcase classname="scripts._03_EtsyTest" name="testMainHeader" time="0.0">
    <ignored/>
  </testcase> <!-- testMainHeader -->
</testsuite> <!-- Critical Functionalities -->
